\BOOKMARK [1][-]{section*.1}{\376\377\004\022\004\022\004\025\004\024\004\025\004\035\004\030\004\025}{}% 1
\BOOKMARK [1][-]{section.1}{\376\377\004\036\004\077\004\070\004\101\004\060\004\075\004\070\004\065\000\040\004\077\004\100\004\076\004\065\004\072\004\102\004\060}{}% 2
\BOOKMARK [1][-]{section.2}{\376\377\004\022\004\113\004\077\004\076\004\073\004\075\004\065\004\075\004\075\004\113\004\065\000\040\004\062\000\040\004\100\004\060\004\074\004\072\004\060\004\105\000\040\004\077\004\100\004\076\004\065\004\072\004\102\004\060\000\040\004\067\004\060\004\064\004\060\004\107\004\070}{}% 3
\BOOKMARK [2][-]{subsection.2.1}{\376\377\004\037\004\076\004\101\004\102\004\100\004\076\004\065\004\075\004\070\004\065\000\040\004\101\004\105\004\065\004\074\004\113\000\040\004\061\004\060\004\067\004\113\000\040\004\064\004\060\004\075\004\075\004\113\004\105}{section.2}% 4
\BOOKMARK [3][-]{subsubsection.2.1.1}{\376\377\004\037\004\076\004\101\004\102\004\060\004\075\004\076\004\062\004\072\004\060\000\040\004\067\004\060\004\064\004\060\004\107\004\070}{subsection.2.1}% 5
\BOOKMARK [3][-]{subsubsection.2.1.2}{\376\377\004\040\004\065\004\110\004\065\004\075\004\070\004\065}{subsection.2.1}% 6
\BOOKMARK [2][-]{subsection.2.2}{\376\377\004\041\004\076\004\067\004\064\004\060\004\075\004\070\004\065\000\040\004\061\004\060\004\067\004\076\004\062\004\113\004\105\000\040\000C\000R\000U\000D\000\040\004\064\004\073\004\117\000\040\000B\000a\000c\000k\000e\000n\000d\000-\004\077\004\100\004\070\004\073\004\076\004\066\004\065\004\075\004\070\004\117}{section.2}% 7
\BOOKMARK [3][-]{subsubsection.2.2.1}{\376\377\004\037\004\076\004\101\004\102\004\060\004\075\004\076\004\062\004\072\004\060\000\040\004\067\004\060\004\064\004\060\004\107\004\070}{subsection.2.2}% 8
\BOOKMARK [3][-]{subsubsection.2.2.2}{\376\377\004\040\004\065\004\110\004\065\004\075\004\070\004\065}{subsection.2.2}% 9
\BOOKMARK [2][-]{subsection.2.3}{\376\377\004\041\004\076\004\067\004\064\004\060\004\075\004\070\004\065\000\040\004\060\004\062\004\102\004\076\004\100\004\070\004\067\004\060\004\106\004\070\004\070\000\040\004\075\004\060\000\040\004\076\004\101\004\075\004\076\004\062\004\065\000\040\004\072\004\076\004\075\004\106\004\065\004\077\004\106\004\070\004\070\000\040\000a\000c\000c\000e\000s\000s\000-\000\040\004\070\000\040\000r\000e\000f\000r\000e\000s\000h\000-\004\102\004\076\004\072\004\065\004\075\004\076\004\062}{section.2}% 10
\BOOKMARK [3][-]{subsubsection.2.3.1}{\376\377\004\037\004\076\004\101\004\102\004\060\004\075\004\076\004\062\004\072\004\060\000\040\004\067\004\060\004\064\004\060\004\107\004\070}{subsection.2.3}% 11
\BOOKMARK [3][-]{subsubsection.2.3.2}{\376\377\000a\000c\000c\000e\000s\000s\000-\000\040\004\070\000\040\000r\000e\000f\000r\000e\000s\000h\000-\004\102\004\076\004\072\004\065\004\075\004\113}{subsection.2.3}% 12
\BOOKMARK [3][-]{subsubsection.2.3.3}{\376\377\004\040\004\065\004\110\004\065\004\075\004\070\004\065}{subsection.2.3}% 13
\BOOKMARK [2][-]{subsection.2.4}{\376\377\004\041\004\076\004\067\004\064\004\060\004\075\004\070\004\065\000\040\000d\000o\000c\000k\000e\000r\000-\000c\000o\000m\000p\000o\000s\000e\000\040\004\104\004\060\004\071\004\073\004\076\004\062\000\040\004\064\004\073\004\117\000\040\004\075\004\060\004\101\004\102\004\100\004\076\004\071\004\072\004\070\000\040\004\072\004\076\004\075\004\102\004\065\004\071\004\075\004\065\004\100\004\070\004\067\004\060\004\106\004\070\004\070\000\040\004\070\000\040\004\060\004\062\004\102\004\076\004\074\004\060\004\102\004\070\004\067\004\060\004\106\004\070\004\070\000\040\004\067\004\060\004\077\004\103\004\101\004\072\004\060\000\040\004\077\004\100\004\070\004\073\004\076\004\066\004\065\004\075\004\070\004\117}{section.2}% 14
\BOOKMARK [3][-]{subsubsection.2.4.1}{\376\377\004\037\004\076\004\101\004\102\004\060\004\075\004\076\004\062\004\072\004\060\000\040\004\067\004\060\004\064\004\060\004\107\004\070}{subsection.2.4}% 15
\BOOKMARK [3][-]{subsubsection.2.4.2}{\376\377\000D\000o\000c\000k\000e\000r\000\040\004\070\000\040\000d\000o\000c\000k\000e\000r\000\040\000c\000o\000m\000p\000o\000s\000e}{subsection.2.4}% 16
\BOOKMARK [3][-]{subsubsection.2.4.3}{\376\377\004\040\004\065\004\110\004\065\004\075\004\070\004\065}{subsection.2.4}% 17
\BOOKMARK [1][-]{section*.2}{\376\377\004\027\004\020\004\032\004\033\004\056\004\047\004\025\004\035\004\030\004\025}{}% 18
\BOOKMARK [1][-]{section*.3}{\376\377\004\041\004\037\004\030\004\041\004\036\004\032\000\040\004\030\004\041\004\037\004\036\004\033\004\054\004\027\004\036\004\022\004\020\004\035\004\035\004\053\004\045\000\040\004\030\004\041\004\042\004\036\004\047\004\035\004\030\004\032\004\036\004\022}{}% 19
\BOOKMARK [1][-]{appendix.A}{\376\377\004\041\004\076\004\067\004\064\004\060\004\075\004\070\004\065\000\040\004\060\004\062\004\102\004\076\004\100\004\070\004\067\004\060\004\106\004\070\004\070}{}% 20
