\BOOKMARK [1][-]{section*.1}{\376\377\004\022\004\022\004\025\004\024\004\025\004\035\004\030\004\025}{}% 1
\BOOKMARK [1][-]{section.1}{\376\377\004\034\004\076\004\064\004\065\004\073\004\070\004\100\004\076\004\062\004\060\004\075\004\070\004\065\000\040\004\075\004\065\004\077\004\100\004\065\004\100\004\113\004\062\004\075\004\113\004\105\000\040\004\101\004\070\004\101\004\102\004\065\004\074}{}% 2
\BOOKMARK [2][-]{subsection.1.1}{\376\377\004\024\004\070\004\104\004\104\004\065\004\100\004\065\004\075\004\106\004\070\004\060\004\073\004\114\004\075\004\113\004\065\000\040\004\103\004\100\004\060\004\062\004\075\004\065\004\075\004\070\004\117\000\040\004\077\004\065\004\100\004\062\004\076\004\063\004\076\000\040\004\077\004\076\004\100\004\117\004\064\004\072\004\060}{section.1}% 3
\BOOKMARK [2][-]{subsection.1.2}{\376\377\004\041\004\070\004\101\004\102\004\065\004\074\004\113\000\040\004\064\004\070\004\104\004\104\004\065\004\100\004\065\004\075\004\106\004\070\004\060\004\073\004\114\004\075\004\113\004\105\000\040\004\103\004\100\004\060\004\062\004\075\004\065\004\075\004\070\004\071}{section.1}% 4
\BOOKMARK [1][-]{section.2}{\376\377\004\034\004\065\004\102\004\076\004\064\000\040\004\101\004\102\004\060\004\102\004\070\004\101\004\102\004\070\004\107\004\065\004\101\004\072\004\070\004\105\000\040\004\070\004\101\004\077\004\113\004\102\004\060\004\075\004\070\004\071}{}% 5
\BOOKMARK [2][-]{subsection.2.1}{\376\377\004\040\004\060\004\062\004\075\004\076\004\074\004\065\004\100\004\075\004\076\000\040\004\100\004\060\004\101\004\077\004\100\004\065\004\064\004\065\004\073\004\121\004\075\004\075\004\060\004\117\000\040\004\064\004\070\004\101\004\072\004\100\004\065\004\102\004\075\004\060\004\117\000\040\004\101\004\073\004\103\004\107\004\060\004\071\004\075\004\060\004\117\000\040\004\062\004\065\004\073\004\070\004\107\004\070\004\075\004\060}{section.2}% 6
\BOOKMARK [2][-]{subsection.2.2}{\376\377\004\040\004\060\004\062\004\075\004\076\004\074\004\065\004\100\004\075\004\076\000\040\004\100\004\060\004\101\004\077\004\100\004\065\004\064\004\065\004\073\004\121\004\075\004\075\004\060\004\117\000\040\004\075\004\065\004\077\004\100\004\065\004\100\004\113\004\062\004\075\004\060\004\117\000\040\004\101\004\073\004\103\004\107\004\060\004\071\004\075\004\060\004\117\000\040\004\062\004\065\004\073\004\070\004\107\004\070\004\075\004\060}{section.2}% 7
\BOOKMARK [2][-]{subsection.2.3}{\376\377\004\035\004\076\004\100\004\074\004\060\004\073\004\114\004\075\004\076\000\040\004\100\004\060\004\101\004\077\004\100\004\065\004\064\004\065\004\073\004\121\004\075\004\075\004\060\004\117\000\040\004\101\004\073\004\103\004\107\004\060\004\071\004\075\004\060\004\117\000\040\004\062\004\065\004\073\004\070\004\107\004\070\004\075\004\060}{section.2}% 8
\BOOKMARK [2][-]{subsection.2.4}{\376\377\004\055\004\072\004\101\004\077\004\076\004\075\004\065\004\075\004\106\004\070\004\060\004\073\004\114\004\075\004\076\000\040\004\100\004\060\004\101\004\077\004\100\004\065\004\064\004\065\004\073\004\121\004\075\004\075\004\060\004\117\000\040\004\101\004\073\004\103\004\107\004\060\004\071\004\075\004\060\004\117\000\040\004\062\004\065\004\073\004\070\004\107\004\070\004\075\004\060}{section.2}% 9
\BOOKMARK [1][-]{section.3}{\376\377\004\034\004\065\004\102\004\076\004\064\000\040\004\101\004\102\004\060\004\102\004\070\004\101\004\102\004\070\004\107\004\065\004\101\004\072\004\070\004\105\000\040\004\070\004\101\004\077\004\113\004\102\004\060\004\075\004\070\004\071}{}% 10
\BOOKMARK [2][-]{subsection.3.1}{\376\377\004\040\004\060\004\062\004\075\004\076\004\074\004\065\004\100\004\075\004\076\000\040\004\100\004\060\004\101\004\077\004\100\004\065\004\064\004\065\004\073\004\121\004\075\004\075\004\060\004\117\000\040\004\064\004\070\004\101\004\072\004\100\004\065\004\102\004\075\004\060\004\117\000\040\004\101\004\073\004\103\004\107\004\060\004\071\004\075\004\060\004\117\000\040\004\062\004\065\004\073\004\070\004\107\004\070\004\075\004\060}{section.3}% 11
\BOOKMARK [1][-]{appendix.A}{\376\377\004\040\004\065\004\110\004\065\004\075\004\070\004\117\000\040\004\100\004\060\004\067\004\064\004\065\004\073\004\060\000\040\0001}{}% 12
\BOOKMARK [2][-]{subsection.A.1}{\376\377\004\027\004\060\004\064\004\060\004\075\004\070\004\065\000\040\0001\000.\0001}{appendix.A}% 13
\BOOKMARK [2][-]{subsection.A.2}{\376\377\004\027\004\060\004\064\004\060\004\075\004\070\004\065\000\040\0001\000.\0002}{appendix.A}% 14
\BOOKMARK [1][-]{appendix.B}{\376\377\004\040\004\065\004\110\004\065\004\075\004\070\004\117\000\040\004\100\004\060\004\067\004\064\004\065\004\073\004\060\000\040\0002}{}% 15
\BOOKMARK [2][-]{subsection.B.1}{\376\377\004\027\004\060\004\064\004\060\004\075\004\070\004\065\000\040\0002\000.\0001}{appendix.B}% 16
\BOOKMARK [2][-]{subsection.B.2}{\376\377\004\027\004\060\004\064\004\060\004\075\004\070\004\065\000\040\0002\000.\0002}{appendix.B}% 17
\BOOKMARK [2][-]{subsection.B.3}{\376\377\004\027\004\060\004\064\004\060\004\075\004\070\004\065\000\040\0002\000.\0003}{appendix.B}% 18
\BOOKMARK [2][-]{subsection.B.4}{\376\377\004\027\004\060\004\064\004\060\004\075\004\070\004\065\000\040\0002\000.\0004}{appendix.B}% 19
\BOOKMARK [1][-]{appendix.C}{\376\377\004\040\004\065\004\110\004\065\004\075\004\070\004\117\000\040\004\100\004\060\004\067\004\064\004\065\004\073\004\060\000\040\0003}{}% 20
\BOOKMARK [2][-]{subsection.C.1}{\376\377\004\027\004\060\004\064\004\060\004\075\004\070\004\065\000\040\0003\000.\0001}{appendix.C}% 21
